\BOOKMARK [0][-]{chapter.1}{Introducci\363n}{}% 1
\BOOKMARK [1][-]{section.1.1}{Motivaci\363n}{chapter.1}% 2
\BOOKMARK [1][-]{section.1.2}{Resumen de la contribuci\363n}{chapter.1}% 3
\BOOKMARK [1][-]{section.1.3}{Esquema de la tesis}{chapter.1}% 4
\BOOKMARK [0][-]{chapter.2}{Fundamentos te\363ricos}{}% 5
\BOOKMARK [1][-]{section.2.1}{El mundo y la m\341quina}{chapter.2}% 6
\BOOKMARK [1][-]{section.2.2}{Labelled Transition Systems}{chapter.2}% 7
\BOOKMARK [1][-]{section.2.3}{Modal Transition System}{chapter.2}% 8
\BOOKMARK [1][-]{section.2.4}{Fluent Linear Temporal Logic}{chapter.2}% 9
\BOOKMARK [1][-]{section.2.5}{Generalised Reactivity \(1\)}{chapter.2}% 10
\BOOKMARK [1][-]{section.2.6}{S\355ntesis de controladores}{chapter.2}% 11
\BOOKMARK [2][-]{subsection.2.6.1}{LTS control problem}{section.2.6}% 12
\BOOKMARK [2][-]{subsection.2.6.2}{MTS control problem}{section.2.6}% 13
\BOOKMARK [1][-]{section.2.7}{Finite State Process}{chapter.2}% 14
\BOOKMARK [0][-]{chapter.3}{S\355ntesis de controladores en entornos parcialmente conocidos}{}% 15
\BOOKMARK [1][-]{section.3.1}{Problema}{chapter.3}% 16
\BOOKMARK [1][-]{section.3.2}{Algoritmo}{chapter.3}% 17
\BOOKMARK [1][-]{section.3.3}{Inputs}{chapter.3}% 18
\BOOKMARK [2][-]{subsection.3.3.1}{View}{section.3.3}% 19
\BOOKMARK [2][-]{subsection.3.3.2}{Model}{section.3.3}% 20
\BOOKMARK [2][-]{subsection.3.3.3}{Goal}{section.3.3}% 21
\BOOKMARK [1][-]{section.3.4}{Inicializaci\363n}{chapter.3}% 22
\BOOKMARK [1][-]{section.3.5}{S\355ntesis}{chapter.3}% 23
\BOOKMARK [1][-]{section.3.6}{Estrategia}{chapter.3}% 24
\BOOKMARK [2][-]{subsection.3.6.1}{Optimista}{section.3.6}% 25
\BOOKMARK [2][-]{subsection.3.6.2}{Nueva acci\363n}{section.3.6}% 26
\BOOKMARK [2][-]{subsection.3.6.3}{Optimista - Nueva acci\363n}{section.3.6}% 27
\BOOKMARK [1][-]{section.3.7}{Ejecuci\363n}{chapter.3}% 28
\BOOKMARK [1][-]{section.3.8}{Ciclo de exploraci\363n}{chapter.3}% 29
\BOOKMARK [0][-]{chapter.4}{Resultados}{}% 30
\BOOKMARK [1][-]{section.4.1}{Laberinto de 25 posiciones}{chapter.4}% 31
\BOOKMARK [2][-]{subsection.4.1.1}{Especificaci\363n en MTSA}{section.4.1}% 32
\BOOKMARK [2][-]{subsection.4.1.2}{Estrategia Optimista}{section.4.1}% 33
\BOOKMARK [2][-]{subsection.4.1.3}{Estrategia Optimista - Nueva acci\363n}{section.4.1}% 34
\BOOKMARK [2][-]{subsection.4.1.4}{Variantes}{section.4.1}% 35
\BOOKMARK [1][-]{section.4.2}{Zonas inseguras}{chapter.4}% 36
\BOOKMARK [2][-]{subsection.4.2.1}{Especificaci\363n en MTSA}{section.4.2}% 37
\BOOKMARK [2][-]{subsection.4.2.2}{An\341lisis de los modelos}{section.4.2}% 38
\BOOKMARK [1][-]{section.4.3}{Laberinto que baja}{chapter.4}% 39
\BOOKMARK [2][-]{subsection.4.3.1}{Especificaci\363n en MTSA}{section.4.3}% 40
\BOOKMARK [2][-]{subsection.4.3.2}{An\341lisis de los modelos}{section.4.3}% 41
\BOOKMARK [2][-]{subsection.4.3.3}{Resultado}{section.4.3}% 42
\BOOKMARK [1][-]{section.4.4}{Laberinto con puente}{chapter.4}% 43
\BOOKMARK [2][-]{subsection.4.4.1}{Especificaci\363n en MTSA}{section.4.4}% 44
\BOOKMARK [2][-]{subsection.4.4.2}{Estrategias}{section.4.4}% 45
\BOOKMARK [2][-]{subsection.4.4.3}{An\341lisis de los modelos}{section.4.4}% 46
\BOOKMARK [2][-]{subsection.4.4.4}{An\341lisis de la traza}{section.4.4}% 47
\BOOKMARK [0][-]{chapter.5}{Conclusiones}{}% 48
\BOOKMARK [0][-]{chapter.6}{Ap\351ndice}{}% 49
